#
# There is insufficient memory for the Java Runtime Environment to continue.
# Native memory allocation (mmap) failed to map 132120576 bytes. Error detail: G1 virtual space
# Possible reasons:
#   The system is out of physical RAM or swap space
#   This process is running with CompressedOops enabled, and the Java Heap may be blocking the growth of the native heap
# Possible solutions:
#   Reduce memory load on the system
#   Increase physical memory or swap space
#   Check if swap backing store is full
#   Decrease Java heap size (-Xmx/-Xms)
#   Decrease number of Java threads
#   Decrease Java thread stack sizes (-Xss)
#   Set larger code cache with -XX:ReservedCodeCacheSize=
#   JVM is running with Unscaled Compressed Oops mode in which the Java heap is
#     placed in the first 4GB address space. The Java Heap base address is the
#     maximum limit for the native heap growth. Please use -XX:HeapBaseMinAddress
#     to set the Java Heap base and to place the Java Heap above 4GB virtual address.
# This output file may be truncated or incomplete.
#
#  Out of Memory Error (os_windows.cpp:3703), pid=12608, tid=20312
#
# JRE version:  (23.0.1+11) (build )
# Java VM: Java HotSpot(TM) 64-Bit Server VM (23.0.1+11-39, mixed mode, sharing, tiered, compressed oops, compressed class ptrs, g1 gc, windows-amd64)
# No core dump will be written. Minidumps are not enabled by default on client versions of Windows
#

---------------  S U M M A R Y ------------

Command Line: --enable-native-access=ALL-UNNAMED 

Host: Intel(R) Core(TM) i7-1065G7 CPU @ 1.30GHz, 8 cores, 7G,  Windows 11 , 64 bit Build 26100 (10.0.26100.7920)
Time: Tue Mar 31 21:27:21 2026 ora legale Europa occidentale elapsed time: 0.013259 seconds (0d 0h 0m 0s)

---------------  T H R E A D  ---------------

Current thread (0x00000257435793b0):  JavaThread "Unknown thread" [_thread_in_vm, id=20312, stack(0x0000008283500000,0x0000008283600000) (1024K)]

Stack: [0x0000008283500000,0x0000008283600000]
Native frames: (J=compiled Java code, j=interpreted, Vv=VM code, C=native code)
V  [jvm.dll+0x6e08b9]  (no source info available)
V  [jvm.dll+0x87dc83]  (no source info available)
V  [jvm.dll+0x88010e]  (no source info available)
V  [jvm.dll+0x8807e3]  (no source info available)
V  [jvm.dll+0x27aee6]  (no source info available)
V  [jvm.dll+0x6dd1c5]  (no source info available)
V  [jvm.dll+0x6d104a]  (no source info available)
V  [jvm.dll+0x35b3ea]  (no source info available)
V  [jvm.dll+0x3637f6]  (no source info available)
V  [jvm.dll+0x34fd5e]  (no source info available)
V  [jvm.dll+0x34fff8]  (no source info available)
V  [jvm.dll+0x3289cc]  (no source info available)
V  [jvm.dll+0x32966e]  (no source info available)
V  [jvm.dll+0x844355]  (no source info available)
V  [jvm.dll+0x3b9848]  (no source info available)
V  [jvm.dll+0x82d14c]  (no source info available)
V  [jvm.dll+0x454d4e]  (no source info available)
V  [jvm.dll+0x456bd1]  (no source info available)
C  [jli.dll+0x52a3]  (no source info available)
C  [ucrtbase.dll+0x37b0]  (no source info available)
C  [KERNEL32.DLL+0x2e8d7]  (no source info available)
C  [ntdll.dll+0x8c48c]  (no source info available)

Lock stack of current Java thread (top to bottom):


---------------  P R O C E S S  ---------------

Threads class SMR info:
_java_thread_list=0x00007ff83ae03618, length=0, elements={
}

Java Threads: ( => current thread )
Total: 0

Other Threads:
  0x00000257435d2530 WorkerThread "GC Thread#0"                     [id=20488, stack(0x0000008283600000,0x0000008283700000) (1024K)]
  0x00000257435e7cd0 ConcurrentGCThread "G1 Main Marker"            [id=9432, stack(0x0000008283700000,0x0000008283800000) (1024K)]
  0x00000257435e97f0 WorkerThread "G1 Conc#0"                       [id=14632, stack(0x0000008283800000,0x0000008283900000) (1024K)]

[error occurred during error reporting (printing all threads), id 0xc0000005, EXCEPTION_ACCESS_VIOLATION (0xc0000005) at pc=0x00007ff83a54bfba]
VM state: not at safepoint (not fully initialized)

VM Mutex/Monitor currently owned by a thread:  ([mutex/lock_event])
[0x00007ff83ae83a10] Heap_lock - owner thread: 0x00000257435793b0

Heap address: 0x0000000083200000, size: 1998 MB, Compressed Oops mode: 32-bit

CDS archive(s) mapped at: [0x0000000000000000-0x0000000000000000-0x0000000000000000), size 0, SharedBaseAddress: 0x0000000800000000, ArchiveRelocationMode: 1.
Narrow klass base: 0x0000000000000000, Narrow klass shift: 0, Narrow klass range: 0x0

GC Precious Log:
 CardTable entry size: 512
 Card Set container configuration: InlinePtr #cards 5 size 8 Array Of Cards #cards 10 size 36 Howl #buckets 4 coarsen threshold 1843 Howl Bitmap #cards 512 size 80 coarsen threshold 460 Card regions per heap region 1 cards per card region 2048

Heap:
 garbage-first heap   total reserved 2045952K, committed 0K, used 0K [0x0000000083200000, 0x0000000100000000)
  region size 1024K, 0 young (0K), 0 survivors (0K)

[error occurred during error reporting (printing heap information), id 0xc0000005, EXCEPTION_ACCESS_VIOLATION (0xc0000005) at pc=0x00007ff83a94c3c9]
GC Heap History (0 events):
No events

Dll operation events (1 events):
Event: 0.007 Loaded shared library C:\Program Files\Java\jdk-23\bin\java.dll

Deoptimization events (0 events):
No events

Classes loaded (0 events):
No events

Classes unloaded (0 events):
No events

Classes redefined (0 events):
No events

Internal exceptions (0 events):
No events

VM Operations (0 events):
No events

Memory protections (0 events):
No events

Nmethod flushes (0 events):
No events

Events (0 events):
No events


Dynamic libraries:
0x00007ff7232e0000 - 0x00007ff7232f0000 	C:\Program Files\Java\jdk-23\bin\java.exe
0x00007ff8ce740000 - 0x00007ff8ce9a7000 	C:\WINDOWS\SYSTEM32\ntdll.dll
0x00007ff8cdb50000 - 0x00007ff8cdc19000 	C:\WINDOWS\System32\KERNEL32.DLL
0x00007ff8cb790000 - 0x00007ff8cbb81000 	C:\WINDOWS\System32\KERNELBASE.dll
0x00007ff8cb640000 - 0x00007ff8cb78b000 	C:\WINDOWS\System32\ucrtbase.dll
0x00007ff82cef0000 - 0x00007ff82cf07000 	C:\Program Files\Java\jdk-23\bin\jli.dll
0x00007ff8be510000 - 0x00007ff8be52b000 	C:\Program Files\Java\jdk-23\bin\VCRUNTIME140.dll
0x00007ff8ce0f0000 - 0x00007ff8ce2b5000 	C:\WINDOWS\System32\USER32.dll
0x00007ff8cc400000 - 0x00007ff8cc427000 	C:\WINDOWS\System32\win32u.dll
0x00007ff8b8f40000 - 0x00007ff8b91d3000 	C:\WINDOWS\WinSxS\amd64_microsoft.windows.common-controls_6595b64144ccf1df_6.0.26100.8037_none_3e092faae333b53b\COMCTL32.dll
0x00007ff8cdb20000 - 0x00007ff8cdb4b000 	C:\WINDOWS\System32\GDI32.dll
0x00007ff8cdc20000 - 0x00007ff8cdcc9000 	C:\WINDOWS\System32\msvcrt.dll
0x00007ff8cb0b0000 - 0x00007ff8cb1db000 	C:\WINDOWS\System32\gdi32full.dll
0x00007ff8cc430000 - 0x00007ff8cc4d3000 	C:\WINDOWS\System32\msvcp_win.dll
0x00007ff8cdae0000 - 0x00007ff8cdb11000 	C:\WINDOWS\System32\IMM32.DLL
0x00007ff8c20d0000 - 0x00007ff8c20dc000 	C:\Program Files\Java\jdk-23\bin\vcruntime140_1.dll
0x00007ff8a6700000 - 0x00007ff8a678e000 	C:\Program Files\Java\jdk-23\bin\msvcp140.dll
0x00007ff83a210000 - 0x00007ff83af5f000 	C:\Program Files\Java\jdk-23\bin\server\jvm.dll
0x00007ff8cd510000 - 0x00007ff8cd5cb000 	C:\WINDOWS\System32\ADVAPI32.dll
0x00007ff8cc4f0000 - 0x00007ff8cc597000 	C:\WINDOWS\System32\sechost.dll
0x00007ff8cdfd0000 - 0x00007ff8ce0e8000 	C:\WINDOWS\System32\RPCRT4.dll
0x00007ff8cd5d0000 - 0x00007ff8cd644000 	C:\WINDOWS\System32\WS2_32.dll
0x00007ff8b9a00000 - 0x00007ff8b9a35000 	C:\WINDOWS\SYSTEM32\WINMM.dll
0x00007ff8caea0000 - 0x00007ff8caefe000 	C:\WINDOWS\SYSTEM32\POWRPROF.dll
0x00007ff8c4240000 - 0x00007ff8c424b000 	C:\WINDOWS\SYSTEM32\VERSION.dll
0x00007ff8cae80000 - 0x00007ff8cae94000 	C:\WINDOWS\SYSTEM32\UMPDC.dll
0x00007ff8c9d80000 - 0x00007ff8c9d9b000 	C:\WINDOWS\SYSTEM32\kernel.appcore.dll
0x00007ff8be680000 - 0x00007ff8be68a000 	C:\Program Files\Java\jdk-23\bin\jimage.dll
0x00007ff8c8ef0000 - 0x00007ff8c9132000 	C:\WINDOWS\SYSTEM32\DBGHELP.DLL
0x00007ff8cd650000 - 0x00007ff8cd9d2000 	C:\WINDOWS\System32\combase.dll
0x00007ff8cdee0000 - 0x00007ff8cdfb7000 	C:\WINDOWS\System32\OLEAUT32.dll
0x00007ff8b5f10000 - 0x00007ff8b5f4b000 	C:\WINDOWS\SYSTEM32\dbgcore.DLL
0x00007ff8cb4d0000 - 0x00007ff8cb575000 	C:\WINDOWS\System32\bcryptPrimitives.dll
0x00007ff8bdf80000 - 0x00007ff8bdf9e000 	C:\Program Files\Java\jdk-23\bin\java.dll
0x00007ff8cd2b0000 - 0x00007ff8cd445000 	C:\WINDOWS\System32\ole32.dll
0x00007ff8cc610000 - 0x00007ff8ccd6f000 	C:\WINDOWS\System32\SHELL32.dll
0x00007ff8cb1e0000 - 0x00007ff8cb34a000 	C:\WINDOWS\System32\wintypes.dll

dbghelp: loaded successfully - version: 4.0.5 - missing functions: none
symbol engine: initialized successfully - sym options: 0x614 - pdb path: .;C:\Program Files\Java\jdk-23\bin;C:\WINDOWS\SYSTEM32;C:\WINDOWS\WinSxS\amd64_microsoft.windows.common-controls_6595b64144ccf1df_6.0.26100.8037_none_3e092faae333b53b;C:\Program Files\Java\jdk-23\bin\server

VM Arguments:
jvm_args: --enable-native-access=ALL-UNNAMED 
java_command: <unknown>
java_class_path (initial): <not set>
Launcher Type: SUN_STANDARD

[Global flags]
     intx CICompilerCount                          = 4                                         {product} {ergonomic}
     uint ConcGCThreads                            = 2                                         {product} {ergonomic}
     uint G1ConcRefinementThreads                  = 8                                         {product} {ergonomic}
   size_t G1HeapRegionSize                         = 1048576                                   {product} {ergonomic}
   size_t InitialHeapSize                          = 132120576                                 {product} {ergonomic}
   size_t MarkStackSize                            = 4194304                                   {product} {ergonomic}
   size_t MarkStackSizeMax                         = 536870912                                 {product} {ergonomic}
   size_t MaxHeapSize                              = 2095054848                                {product} {ergonomic}
   size_t MinHeapDeltaBytes                        = 1048576                                   {product} {ergonomic}
   size_t MinHeapSize                              = 8388608                                   {product} {ergonomic}
    uintx NonNMethodCodeHeapSize                   = 5832704                                {pd product} {ergonomic}
    uintx NonProfiledCodeHeapSize                  = 122945536                              {pd product} {ergonomic}
    uintx ProfiledCodeHeapSize                     = 122880000                              {pd product} {ergonomic}
    uintx ReservedCodeCacheSize                    = 251658240                              {pd product} {ergonomic}
     bool SegmentedCodeCache                       = true                                      {product} {ergonomic}
   size_t SoftMaxHeapSize                          = 2095054848                             {manageable} {ergonomic}
     bool UseCompressedOops                        = true                           {product lp64_product} {ergonomic}
     bool UseG1GC                                  = true                                      {product} {ergonomic}
     bool UseLargePagesIndividualAllocation        = false                                  {pd product} {ergonomic}

Logging:
Log output configuration:
 #0: stdout all=warning uptime,level,tags foldmultilines=false
 #1: stderr all=off uptime,level,tags foldmultilines=false

Environment Variables:
JAVA_HOME=C:\Program Files\Java\jdk-23
PATH=C:\Users\simon\AppData\Local\Programs\Microsoft VS Code;C:\Program Files\Common Files\Oracle\Java\javapath;C:\Program Files (x86)\Common Files\Oracle\Java\java8path;C:\Program Files (x86)\Common Files\Oracle\Java\javapath;C:\Python312\Scripts\;C:\Python312\;C:\WINDOWS\system32;C:\WINDOWS;C:\WINDOWS\System32\Wbem;C:\WINDOWS\System32\WindowsPowerShell\v1.0\;C:\WINDOWS\System32\OpenSSH\;C:\xampp\php;C:\Program Files\nodejs\;C:\ProgramData\chocolatey\bin;C:\Program Files\Java\jdk-23\bin;C:\Program Files\MongoDB\Server\8.0\bin;C:\Users\simon\Downloads\mongosh-2.5.0-win32-x64\mongosh-2.5.0-win32-x64\bin;;C:\Program Files\Docker\Docker\resources\bin;C:\Users\simon\AppData\Local\Microsoft\WindowsApps;C:\Users\simon\AppData\Local\Programs\Microsoft VS Code\bin;C:\Users\simon\AppData\Roaming\npm;C:\Users\simon\Downloads\mongosh-2.5.0-win32-x64\mongosh-2.5.0-win32-x64\bin;C:\flutter\bin;C:\maven\apache-maven-3.9.14\bin;c:\Users\simon\.vscode\extensions\vscjava.vscode-java-debug-0.58.5\bundled\scripts\noConfigScripts
USERNAME=simon
LANG=en_US.UTF-8
OS=Windows_NT
PROCESSOR_IDENTIFIER=Intel64 Family 6 Model 126 Stepping 5, GenuineIntel
TMP=C:\Users\simon\AppData\Local\Temp
TEMP=C:\Users\simon\AppData\Local\Temp




Periodic native trim disabled

---------------  S Y S T E M  ---------------

OS:
 Windows 11 , 64 bit Build 26100 (10.0.26100.7920)
OS uptime: 0 days 5:56 hours
Hyper-V role detected

CPU: total 8 (initial active 8) (4 cores per cpu, 2 threads per core) family 6 model 126 stepping 5 microcode 0xa6, cx8, cmov, fxsr, ht, mmx, 3dnowpref, sse, sse2, sse3, ssse3, sse4.1, sse4.2, popcnt, lzcnt, tsc, tscinvbit, avx, avx2, aes, erms, clmul, bmi1, bmi2, adx, avx512f, avx512dq, avx512cd, avx512bw, avx512vl, sha, fma, vzeroupper, avx512_vpopcntdq, avx512_vpclmulqdq, avx512_vaes, avx512_vnni, clflush, clflushopt, avx512_vbmi2, avx512_vbmi, hv, rdtscp, rdpid, fsrm, gfni, avx512_bitalg, f16c, avx512_ifma
Processor Information for the first 8 processors :
  Max Mhz: 1498, Current Mhz: 1298, Mhz Limit: 1288

Memory: 4k page, system-wide physical 7987M (822M free)
TotalPageFile size 13552M (AvailPageFile size 58M)
current process WorkingSet (physical memory assigned to process): 13M, peak: 13M
current process commit charge ("private bytes"): 60M, peak: 186M

vm_info: Java HotSpot(TM) 64-Bit Server VM (23.0.1+11-39) for windows-amd64 JRE (23.0.1+11-39), built on 2024-09-30T07:20:43Z with MS VC++ 17.6 (VS2022)

END.
